Arguments: 
  /Users/brittany/.nvm/versions/node/v16.13.2/bin/node /Users/brittany/.nvm/versions/node/v16.13.2/bin/yarn global bin

PATH: 
  /Users/brittany/Library/Android/sdk/platform-tools:/Users/brittany/.nvm/versions/node/v16.13.2/bin:/Library/Frameworks/Python.framework/Versions/3.10/bin:/usr/local/bin:/usr/bin:/bin:/usr/sbin:/sbin:/Library/Apple/usr/bin:/Users/brittany/Library/Android/sdk/platform-tools:/Users/brittany/.nvm/versions/node/v16.13.2/bin:/Library/Frameworks/Python.framework/Versions/3.10/bin:info If you think this is a bug, please open a bug report with the information provided in "/Users/brittany/Desktop/NucampFolder/5-NodeJS-Express-MongoDB/node-mongoose/yarn-error.log".
  info Visit https://yarnpkg.com/en/docs/cli/global for documentation about this command.:info If you think this is a bug, please open a bug report with the information provided in "/Users/brittany/Desktop/NucampFolder/5-NodeJS-Express-MongoDB/node-mongoose/yarn-error.log".
  info Visit https://yarnpkg.com/en/docs/cli/global for documentation about this command.

Yarn version: 
  1.22.18

Node version: 
  16.13.2

Platform: 
  darwin x64

Trace: 
  SyntaxError: /Users/brittany/Desktop/NucampFolder/5-NodeJS-Express-MongoDB/node-mongoose/package.json: Unexpected token e in JSON at position 137
      at JSON.parse (<anonymous>)
      at /Users/brittany/.nvm/versions/node/v16.13.2/lib/node_modules/yarn/lib/cli.js:1625:59
      at Generator.next (<anonymous>)
      at step (/Users/brittany/.nvm/versions/node/v16.13.2/lib/node_modules/yarn/lib/cli.js:310:30)
      at /Users/brittany/.nvm/versions/node/v16.13.2/lib/node_modules/yarn/lib/cli.js:321:13

npm manifest: 
  {
      "name": "node-mongoose",
      "version": "1.0.0",
      "description": "",
      "main": "index.js",
      "scripts": {
          "test": ""echo \"Error: no test specified\" && exit 1",
          "start": "node index"
      }
  }

yarn manifest: 
  No manifest

Lockfile: 
  No lockfile
